<?xml version="1.0" encoding="UTF-8"?>
<!-- Generated by org.testng.reporters.JUnitReportReporter -->
<testsuite skipped="0" hostname="DESKTOP-66FK3LJ" name="com.slnm.com.practice.TestClass" tests="1" failures="0" timestamp="04 Jan 2021 12:13:50 GMT" time="2.331" errors="0">
  <testcase name="browserLaunch" time="2.331" classname="com.slnm.com.practice.TestClass"/>
</testsuite> <!-- com.slnm.com.practice.TestClass -->
